ui-settings/build/intermediates/manifest_merge_blame_file/debug/manifest-merger-blame-debug-report.txt
1<?xml version="1.0" encoding="utf-8"?>
2<manifest xmlns:android="http://schemas.android.com/apk/res/android"
3    package="com.example.settings" >
4
5    <uses-sdk
6        android:minSdkVersion="26"
6-->src\main\AndroidManifest.xml
7        android:targetSdkVersion="26" />
7-->src\main\AndroidManifest.xml
8
9    <application>
9-->src\main\AndroidManifest.xml:5:5-11:19
10        <activity
10-->src\main\AndroidManifest.xml:6:9-10:16
11            android:name="com.example.settings.SettingsActivity"
11-->src\main\AndroidManifest.xml:7:13-45
12            android:exported="false"
12-->src\main\AndroidManifest.xml:8:13-37
13            android:label="@string/title_activity_settings" />
13-->src\main\AndroidManifest.xml:9:13-60
14    </application>
15
16</manifest>